c:\users\umari\source\repos\c_sharp\aes_gatewayfirmwareencrypt\release\aes_gatewayfirmwareencrypt.ipdb
c:\users\umari\source\repos\c_sharp\aes_gatewayfirmwareencrypt\release\aes_gatewayfirmwareencrypt.iobj
c:\users\umari\source\repos\c_sharp\aes_gatewayfirmwareencrypt\release\vc143.pdb
c:\users\umari\source\repos\c_sharp\aes_gatewayfirmwareencrypt\release\mytesthandler.obj
c:\users\umari\source\repos\c_sharp\aes_gatewayfirmwareencrypt\release\crypto.obj
c:\users\umari\source\repos\c_sharp\aes_gatewayfirmwareencrypt\release\blockcipher.obj
c:\users\umari\source\repos\c_sharp\aes_gatewayfirmwareencrypt\release\aesesp32.obj
c:\users\umari\source\repos\c_sharp\aes_gatewayfirmwareencrypt\release\aescommon.obj
c:\users\umari\source\repos\c_sharp\aes_gatewayfirmwareencrypt\release\aes256.obj
c:\users\umari\source\repos\c_sharp\aes_gatewayfirmwareencrypt\release\aes192.obj
c:\users\umari\source\repos\c_sharp\aes_gatewayfirmwareencrypt\release\aes128.obj
c:\users\umari\source\repos\c_sharp\aes_gatewayfirmwareencrypt\release\aes_gatewayfirmwareencrypt.obj
c:\users\umari\source\repos\c_sharp\aes_gatewayfirmwareencrypt\release\aes_gatewayfirmwareencrypt.exe
c:\users\umari\source\repos\c_sharp\aes_gatewayfirmwareencrypt\release\aes_gatewayfirmwareencrypt.pdb
c:\users\umari\source\repos\c_sharp\aes_gatewayfirmwareencrypt\release\aes_gatewayfirmwareencrypt.res
c:\users\umari\source\repos\c_sharp\aes_gatewayfirmwareencrypt\release\aes_gate.cd6da60f.tlog\aes_gatewayfirmwareencrypt.write.1u.tlog
c:\users\umari\source\repos\c_sharp\aes_gatewayfirmwareencrypt\release\aes_gate.cd6da60f.tlog\cl.command.1.tlog
c:\users\umari\source\repos\c_sharp\aes_gatewayfirmwareencrypt\release\aes_gate.cd6da60f.tlog\cl.read.1.tlog
c:\users\umari\source\repos\c_sharp\aes_gatewayfirmwareencrypt\release\aes_gate.cd6da60f.tlog\cl.write.1.tlog
c:\users\umari\source\repos\c_sharp\aes_gatewayfirmwareencrypt\release\aes_gate.cd6da60f.tlog\link.command.1.tlog
c:\users\umari\source\repos\c_sharp\aes_gatewayfirmwareencrypt\release\aes_gate.cd6da60f.tlog\link.read.1.tlog
c:\users\umari\source\repos\c_sharp\aes_gatewayfirmwareencrypt\release\aes_gate.cd6da60f.tlog\link.write.1.tlog
c:\users\umari\source\repos\c_sharp\aes_gatewayfirmwareencrypt\release\aes_gate.cd6da60f.tlog\rc.command.1.tlog
c:\users\umari\source\repos\c_sharp\aes_gatewayfirmwareencrypt\release\aes_gate.cd6da60f.tlog\rc.read.1.tlog
c:\users\umari\source\repos\c_sharp\aes_gatewayfirmwareencrypt\release\aes_gate.cd6da60f.tlog\rc.write.1.tlog
