c:\users\umari\source\repos\c_sharp\aes_gatewayfirmwareencrypt\debug\aes_gatewayfirmwareencrypt.ilk
c:\users\umari\source\repos\c_sharp\aes_gatewayfirmwareencrypt\debug\aes_gatewayfirmwareencrypt.exe
c:\users\umari\source\repos\c_sharp\aes_gatewayfirmwareencrypt\debug\aes_gatewayfirmwareencrypt.pdb
c:\users\umari\source\repos\c_sharp\aes_gatewayfirmwareencrypt\debug\mytesthandler.cpp.json
c:\users\umari\source\repos\c_sharp\aes_gatewayfirmwareencrypt\debug\mytesthandler.obj
c:\users\umari\source\repos\c_sharp\aes_gatewayfirmwareencrypt\debug\aes128.cpp.json
c:\users\umari\source\repos\c_sharp\aes_gatewayfirmwareencrypt\debug\aes128.obj
c:\users\umari\source\repos\c_sharp\aes_gatewayfirmwareencrypt\debug\aes192.cpp.json
c:\users\umari\source\repos\c_sharp\aes_gatewayfirmwareencrypt\debug\aes192.obj
c:\users\umari\source\repos\c_sharp\aes_gatewayfirmwareencrypt\debug\aes_gatewayfirmwareencrypt.cpp.json
c:\users\umari\source\repos\c_sharp\aes_gatewayfirmwareencrypt\debug\aes_gatewayfirmwareencrypt.obj
c:\users\umari\source\repos\c_sharp\aes_gatewayfirmwareencrypt\debug\crypto.cpp.json
c:\users\umari\source\repos\c_sharp\aes_gatewayfirmwareencrypt\debug\crypto.obj
c:\users\umari\source\repos\c_sharp\aes_gatewayfirmwareencrypt\debug\aes256.cpp.json
c:\users\umari\source\repos\c_sharp\aes_gatewayfirmwareencrypt\debug\aes256.obj
c:\users\umari\source\repos\c_sharp\aes_gatewayfirmwareencrypt\debug\aesesp32.cpp.json
c:\users\umari\source\repos\c_sharp\aes_gatewayfirmwareencrypt\debug\aesesp32.obj
c:\users\umari\source\repos\c_sharp\aes_gatewayfirmwareencrypt\debug\aescommon.cpp.json
c:\users\umari\source\repos\c_sharp\aes_gatewayfirmwareencrypt\debug\aescommon.obj
c:\users\umari\source\repos\c_sharp\aes_gatewayfirmwareencrypt\debug\blockcipher.cpp.json
c:\users\umari\source\repos\c_sharp\aes_gatewayfirmwareencrypt\debug\blockcipher.obj
c:\users\umari\source\repos\c_sharp\aes_gatewayfirmwareencrypt\debug\aes_gatewayfirmwareencrypt.res
c:\users\umari\source\repos\c_sharp\aes_gatewayfirmwareencrypt\debug\aes256.cpp.module.json
c:\users\umari\source\repos\c_sharp\aes_gatewayfirmwareencrypt\debug\aesesp32.cpp.module.json
c:\users\umari\source\repos\c_sharp\aes_gatewayfirmwareencrypt\debug\aes_gatewayfirmwareencrypt.cpp.module.json
c:\users\umari\source\repos\c_sharp\aes_gatewayfirmwareencrypt\debug\aescommon.cpp.module.json
c:\users\umari\source\repos\c_sharp\aes_gatewayfirmwareencrypt\debug\mytesthandler.cpp.module.json
c:\users\umari\source\repos\c_sharp\aes_gatewayfirmwareencrypt\debug\aes192.cpp.module.json
c:\users\umari\source\repos\c_sharp\aes_gatewayfirmwareencrypt\debug\aes128.cpp.module.json
c:\users\umari\source\repos\c_sharp\aes_gatewayfirmwareencrypt\debug\blockcipher.cpp.module.json
c:\users\umari\source\repos\c_sharp\aes_gatewayfirmwareencrypt\debug\crypto.cpp.module.json
c:\users\umari\source\repos\c_sharp\aes_gatewayfirmwareencrypt\debug\vc143.idb
c:\users\umari\source\repos\c_sharp\aes_gatewayfirmwareencrypt\debug\vc143.pdb
c:\users\umari\source\repos\c_sharp\aes_gatewayfirmwareencrypt\debug\aes_gate.cd6da60f.tlog\cl.command.1.tlog
c:\users\umari\source\repos\c_sharp\aes_gatewayfirmwareencrypt\debug\aes_gate.cd6da60f.tlog\link.command.1.tlog
c:\users\umari\source\repos\c_sharp\aes_gatewayfirmwareencrypt\debug\aes_gate.cd6da60f.tlog\link.read.1.tlog
c:\users\umari\source\repos\c_sharp\aes_gatewayfirmwareencrypt\debug\aes_gate.cd6da60f.tlog\link.write.1.tlog
c:\users\umari\source\repos\c_sharp\aes_gatewayfirmwareencrypt\debug\aes_gate.cd6da60f.tlog\microsoft.build.cpptasks.cl.read.1.tlog
c:\users\umari\source\repos\c_sharp\aes_gatewayfirmwareencrypt\debug\aes_gate.cd6da60f.tlog\microsoft.build.cpptasks.cl.write.1.tlog
c:\users\umari\source\repos\c_sharp\aes_gatewayfirmwareencrypt\debug\aes_gate.cd6da60f.tlog\rc.command.1.tlog
c:\users\umari\source\repos\c_sharp\aes_gatewayfirmwareencrypt\debug\aes_gate.cd6da60f.tlog\rc.read.1.tlog
c:\users\umari\source\repos\c_sharp\aes_gatewayfirmwareencrypt\debug\aes_gate.cd6da60f.tlog\rc.write.1.tlog
c:\users\umari\source\repos\c_sharp\aes_gatewayfirmwareencrypt\debug\aes_gate.cd6da60f_md.tlog\cl.command.1.tlog
c:\users\umari\source\repos\c_sharp\aes_gatewayfirmwareencrypt\debug\aes_gate.cd6da60f_md.tlog\microsoft.build.cpptasks.cl.read.1.tlog
c:\users\umari\source\repos\c_sharp\aes_gatewayfirmwareencrypt\debug\aes_gate.cd6da60f_md.tlog\microsoft.build.cpptasks.cl.write.1.tlog
